This is XeTeX, Version 3.141592653-2.6-0.999996 (MiKTeX 24.3) (preloaded format=xelatex 2024.4.1)  21 MAY 2024 06:15
entering extended mode
 \write18 enabled.
 %&-line parsing enabled.
**"c:/Users/kchon/OneDrive/Desktop/DIP Final/report/report.tex"
(c:/Users/kchon/OneDrive/Desktop/DIP Final/report/report.tex
LaTeX2e <2023-11-01> patch level 1
L3 programming layer <2024-03-14>
(C:\Users\kchon\AppData\Local\Programs\MiKTeX\tex/latex/base\article.cls
Document Class: article 2023/05/17 v1.4n Standard LaTeX document class
(C:\Users\kchon\AppData\Local\Programs\MiKTeX\tex/latex/base\size10.clo
File: size10.clo 2023/05/17 v1.4n Standard LaTeX file (size option)
)
\c@part=\count184
\c@section=\count185
\c@subsection=\count186
\c@subsubsection=\count187
\c@paragraph=\count188
\c@subparagraph=\count189
\c@figure=\count190
\c@table=\count191
\abovecaptionskip=\skip48
\belowcaptionskip=\skip49
\bibindent=\dimen140
)
(C:\Users\kchon\AppData\Local\Programs\MiKTeX\tex/latex/geometry\geometry.sty
Package: geometry 2020/01/02 v5.9 Page Geometry

(C:\Users\kchon\AppData\Local\Programs\MiKTeX\tex/latex/graphics\keyval.sty
Package: keyval 2022/05/29 v1.15 key=value parser (DPC)
\KV@toks@=\toks17
)
(C:\Users\kchon\AppData\Local\Programs\MiKTeX\tex/generic/iftex\ifvtex.sty
Package: ifvtex 2019/10/25 v1.7 ifvtex legacy package. Use iftex instead.

(C:\Users\kchon\AppData\Local\Programs\MiKTeX\tex/generic/iftex\iftex.sty
Package: iftex 2022/02/03 v1.0f TeX engine tests
))
\Gm@cnth=\count192
\Gm@cntv=\count193
\c@Gm@tempcnt=\count194
\Gm@bindingoffset=\dimen141
\Gm@wd@mp=\dimen142
\Gm@odd@mp=\dimen143
\Gm@even@mp=\dimen144
\Gm@layoutwidth=\dimen145
\Gm@layoutheight=\dimen146
\Gm@layouthoffset=\dimen147
\Gm@layoutvoffset=\dimen148
\Gm@dimlist=\toks18

(C:\Users\kchon\AppData\Local\Programs\MiKTeX\tex/latex/geometry\geometry.cfg))

(C:\Users\kchon\AppData\Local\Programs\MiKTeX\tex/latex/algorithm2e\algorithm2e
.sty
Invalid UTF-8 byte or sequence at line 284 replaced by U+FFFD.
Invalid UTF-8 byte or sequence at line 299 replaced by U+FFFD.
Invalid UTF-8 byte or sequence at line 550 replaced by U+FFFD.
Package: algorithm2e 2017/07/18 v5.2 algorithms environments
\c@AlgoLine=\count195
 (C:\Users\kchon\AppData\Local\Programs\MiKTeX\tex/latex/base\ifthen.sty
Package: ifthen 2022/04/13 v1.1d Standard LaTeX ifthen package (DPC)
)
\algocf@hangindent=\skip50

(C:\Users\kchon\AppData\Local\Programs\MiKTeX\tex/latex/ifoddpage\ifoddpage.sty
Package: ifoddpage 2022/10/18 v1.2 Conditionals for odd/even page detection
\c@checkoddpage=\count196
) (C:\Users\kchon\AppData\Local\Programs\MiKTeX\tex/latex/tools\xspace.sty
Package: xspace 2014/10/28 v1.13 Space after command names (DPC,MH)
)
(C:\Users\kchon\AppData\Local\Programs\MiKTeX\tex/latex/relsize\relsize.sty
Package: relsize 2013/03/29 ver 4.1
)
\skiptotal=\skip51
\skiplinenumber=\skip52
\skiprule=\skip53
\skiphlne=\skip54
\skiptext=\skip55
\skiplength=\skip56
\algomargin=\skip57
\skipalgocfslide=\skip58
\algowidth=\dimen149
\inoutsize=\dimen150
\inoutindent=\dimen151
\interspacetitleruled=\dimen152
\interspacealgoruled=\dimen153
\interspacetitleboxruled=\dimen154
\algocf@ruledwidth=\skip59
\algocf@inoutbox=\box51
\algocf@inputbox=\box52
\AlCapSkip=\skip60
\AlCapHSkip=\skip61
\algoskipindent=\skip62
\algocf@nlbox=\box53
\algocf@hangingbox=\box54
\algocf@untilbox=\box55
\algocf@skipuntil=\skip63
\algocf@capbox=\box56
\algocf@lcaptionbox=\skip64
\algoheightruledefault=\skip65
\algoheightrule=\skip66
\algotitleheightruledefault=\skip67
\algotitleheightrule=\skip68
\c@algocfline=\count197
\c@algocfproc=\count198
\c@algocf=\count199
\algocf@algoframe=\box57
\algocf@algobox=\box58
)
(C:\Users\kchon\AppData\Local\Programs\MiKTeX\tex/latex/amsmath\amsmath.sty
Package: amsmath 2023/05/13 v2.17o AMS math features
\@mathmargin=\skip69

For additional information on amsmath, use the `?' option.
(C:\Users\kchon\AppData\Local\Programs\MiKTeX\tex/latex/amsmath\amstext.sty
Package: amstext 2021/08/26 v2.01 AMS text

(C:\Users\kchon\AppData\Local\Programs\MiKTeX\tex/latex/amsmath\amsgen.sty
File: amsgen.sty 1999/11/30 v2.0 generic functions
\@emptytoks=\toks19
\ex@=\dimen155
))
(C:\Users\kchon\AppData\Local\Programs\MiKTeX\tex/latex/amsmath\amsbsy.sty
Package: amsbsy 1999/11/29 v1.2d Bold Symbols
\pmbraise@=\dimen156
)
(C:\Users\kchon\AppData\Local\Programs\MiKTeX\tex/latex/amsmath\amsopn.sty
Package: amsopn 2022/04/08 v2.04 operator names
)
\inf@bad=\count266
LaTeX Info: Redefining \frac on input line 234.
\uproot@=\count267
\leftroot@=\count268
LaTeX Info: Redefining \overline on input line 399.
LaTeX Info: Redefining \colon on input line 410.
\classnum@=\count269
\DOTSCASE@=\count270
LaTeX Info: Redefining \ldots on input line 496.
LaTeX Info: Redefining \dots on input line 499.
LaTeX Info: Redefining \cdots on input line 620.
\Mathstrutbox@=\box59
\strutbox@=\box60
LaTeX Info: Redefining \big on input line 722.
LaTeX Info: Redefining \Big on input line 723.
LaTeX Info: Redefining \bigg on input line 724.
LaTeX Info: Redefining \Bigg on input line 725.
\big@size=\dimen157
LaTeX Font Info:    Redeclaring font encoding OML on input line 743.
LaTeX Font Info:    Redeclaring font encoding OMS on input line 744.
\macc@depth=\count271
LaTeX Info: Redefining \bmod on input line 905.
LaTeX Info: Redefining \pmod on input line 910.
LaTeX Info: Redefining \smash on input line 940.
LaTeX Info: Redefining \relbar on input line 970.
LaTeX Info: Redefining \Relbar on input line 971.
\c@MaxMatrixCols=\count272
\dotsspace@=\muskip16
\c@parentequation=\count273
\dspbrk@lvl=\count274
\tag@help=\toks20
\row@=\count275
\column@=\count276
\maxfields@=\count277
\andhelp@=\toks21
\eqnshift@=\dimen158
\alignsep@=\dimen159
\tagshift@=\dimen160
\tagwidth@=\dimen161
\totwidth@=\dimen162
\lineht@=\dimen163
\@envbody=\toks22
\multlinegap=\skip70
\multlinetaggap=\skip71
\mathdisplay@stack=\toks23
LaTeX Info: Redefining \[ on input line 2953.
LaTeX Info: Redefining \] on input line 2954.
)
(C:\Users\kchon\AppData\Local\Programs\MiKTeX\tex/latex/amsfonts\amssymb.sty
Package: amssymb 2013/01/14 v3.01 AMS font symbols

(C:\Users\kchon\AppData\Local\Programs\MiKTeX\tex/latex/amsfonts\amsfonts.sty
Package: amsfonts 2013/01/14 v3.01 Basic AMSFonts support
\symAMSa=\mathgroup4
\symAMSb=\mathgroup5
LaTeX Font Info:    Redeclaring math symbol \hbar on input line 98.
LaTeX Font Info:    Overwriting math alphabet `\mathfrak' in version `bold'
(Font)                  U/euf/m/n --> U/euf/b/n on input line 106.
)) (C:\Users\kchon\AppData\Local\Programs\MiKTeX\tex/latex/graphics\graphicx.st
y
Package: graphicx 2021/09/16 v1.2d Enhanced LaTeX Graphics (DPC,SPQR)

(C:\Users\kchon\AppData\Local\Programs\MiKTeX\tex/latex/graphics\graphics.sty
Package: graphics 2022/03/10 v1.4e Standard LaTeX Graphics (DPC,SPQR)

(C:\Users\kchon\AppData\Local\Programs\MiKTeX\tex/latex/graphics\trig.sty
Package: trig 2021/08/11 v1.11 sin cos tan (DPC)
)
(C:\Users\kchon\AppData\Local\Programs\MiKTeX\tex/latex/graphics-cfg\graphics.c
fg
File: graphics.cfg 2016/06/04 v1.11 sample graphics configuration
)
Package graphics Info: Driver file: xetex.def on input line 107.

(C:\Users\kchon\AppData\Local\Programs\MiKTeX\tex/latex/graphics-def\xetex.def
File: xetex.def 2022/09/22 v5.0n Graphics/color driver for xetex
))
\Gin@req@height=\dimen164
\Gin@req@width=\dimen165
)
(C:\Users\kchon\AppData\Local\Programs\MiKTeX\tex/latex/hyperref\hyperref.sty
Package: hyperref 2024-01-20 v7.01h Hypertext links for LaTeX

(C:\Users\kchon\AppData\Local\Programs\MiKTeX\tex/latex/kvsetkeys\kvsetkeys.sty
Package: kvsetkeys 2022-10-05 v1.19 Key value parser (HO)
)
(C:\Users\kchon\AppData\Local\Programs\MiKTeX\tex/generic/kvdefinekeys\kvdefine
keys.sty
Package: kvdefinekeys 2019-12-19 v1.6 Define keys (HO)
)
(C:\Users\kchon\AppData\Local\Programs\MiKTeX\tex/generic/pdfescape\pdfescape.s
ty
Package: pdfescape 2019/12/09 v1.15 Implements pdfTeX's escape features (HO)

(C:\Users\kchon\AppData\Local\Programs\MiKTeX\tex/generic/ltxcmds\ltxcmds.sty
Package: ltxcmds 2023-12-04 v1.26 LaTeX kernel commands for general use (HO)
)
(C:\Users\kchon\AppData\Local\Programs\MiKTeX\tex/generic/pdftexcmds\pdftexcmds
.sty
Package: pdftexcmds 2020-06-27 v0.33 Utility functions of pdfTeX for LuaTeX (HO
)

(C:\Users\kchon\AppData\Local\Programs\MiKTeX\tex/generic/infwarerr\infwarerr.s
ty
Package: infwarerr 2019/12/03 v1.5 Providing info/warning/error messages (HO)
)
Package pdftexcmds Info: \pdf@primitive is available.
Package pdftexcmds Info: \pdf@ifprimitive is available.
Package pdftexcmds Info: \pdfdraftmode not found.
))
(C:\Users\kchon\AppData\Local\Programs\MiKTeX\tex/latex/hycolor\hycolor.sty
Package: hycolor 2020-01-27 v1.10 Color options for hyperref/bookmark (HO)
)
(C:\Users\kchon\AppData\Local\Programs\MiKTeX\tex/latex/auxhook\auxhook.sty
Package: auxhook 2019-12-17 v1.6 Hooks for auxiliary files (HO)
)
(C:\Users\kchon\AppData\Local\Programs\MiKTeX\tex/latex/hyperref\nameref.sty
Package: nameref 2023-11-26 v2.56 Cross-referencing by name of section

(C:\Users\kchon\AppData\Local\Programs\MiKTeX\tex/latex/refcount\refcount.sty
Package: refcount 2019/12/15 v3.6 Data extraction from label references (HO)
)
(C:\Users\kchon\AppData\Local\Programs\MiKTeX\tex/generic/gettitlestring\gettit
lestring.sty
Package: gettitlestring 2019/12/15 v1.6 Cleanup title references (HO)

(C:\Users\kchon\AppData\Local\Programs\MiKTeX\tex/latex/kvoptions\kvoptions.sty
Package: kvoptions 2022-06-15 v3.15 Key value format for package options (HO)
))
\c@section@level=\count278
)
(C:\Users\kchon\AppData\Local\Programs\MiKTeX\tex/latex/etoolbox\etoolbox.sty
Package: etoolbox 2020/10/05 v2.5k e-TeX tools for LaTeX (JAW)
\etb@tempcnta=\count279
)
\@linkdim=\dimen166
\Hy@linkcounter=\count280
\Hy@pagecounter=\count281

(C:\Users\kchon\AppData\Local\Programs\MiKTeX\tex/latex/hyperref\pd1enc.def
File: pd1enc.def 2024-01-20 v7.01h Hyperref: PDFDocEncoding definition (HO)
)
(C:\Users\kchon\AppData\Local\Programs\MiKTeX\tex/generic/intcalc\intcalc.sty
Package: intcalc 2019/12/15 v1.3 Expandable calculations with integers (HO)
)
\Hy@SavedSpaceFactor=\count282

(C:\Users\kchon\AppData\Local\Programs\MiKTeX\tex/latex/hyperref\puenc.def
File: puenc.def 2024-01-20 v7.01h Hyperref: PDF Unicode definition (HO)
)
Package hyperref Info: Option `colorlinks' set `true' on input line 4062.
Package hyperref Info: Hyper figures OFF on input line 4179.
Package hyperref Info: Link nesting OFF on input line 4184.
Package hyperref Info: Hyper index ON on input line 4187.
Package hyperref Info: Plain pages OFF on input line 4194.
Package hyperref Info: Backreferencing OFF on input line 4199.
Package hyperref Info: Implicit mode ON; LaTeX internals redefined.
Package hyperref Info: Bookmarks ON on input line 4446.
\c@Hy@tempcnt=\count283

(C:\Users\kchon\AppData\Local\Programs\MiKTeX\tex/latex/url\url.sty
\Urlmuskip=\muskip17
Package: url 2013/09/16  ver 3.4  Verb mode for urls, etc.
)
LaTeX Info: Redefining \url on input line 4784.
\XeTeXLinkMargin=\dimen167

(C:\Users\kchon\AppData\Local\Programs\MiKTeX\tex/generic/bitset\bitset.sty
Package: bitset 2019/12/09 v1.3 Handle bit-vector datatype (HO)

(C:\Users\kchon\AppData\Local\Programs\MiKTeX\tex/generic/bigintcalc\bigintcalc
.sty
Package: bigintcalc 2019/12/15 v1.5 Expandable calculations on big integers (HO
)
))
\Fld@menulength=\count284
\Field@Width=\dimen168
\Fld@charsize=\dimen169
Package hyperref Info: Hyper figures OFF on input line 6063.
Package hyperref Info: Link nesting OFF on input line 6068.
Package hyperref Info: Hyper index ON on input line 6071.
Package hyperref Info: backreferencing OFF on input line 6078.
Package hyperref Info: Link coloring ON on input line 6081.
Package hyperref Info: Link coloring with OCG OFF on input line 6088.
Package hyperref Info: PDF/A mode OFF on input line 6093.

(C:\Users\kchon\AppData\Local\Programs\MiKTeX\tex/latex/base\atbegshi-ltx.sty
Package: atbegshi-ltx 2021/01/10 v1.0c Emulation of the original atbegshi
package with kernel methods
)
\Hy@abspage=\count285
\c@Item=\count286
\c@Hfootnote=\count287
)
Package hyperref Info: Driver (autodetected): hxetex.
(C:\Users\kchon\AppData\Local\Programs\MiKTeX\tex/latex/hyperref\hxetex.def
File: hxetex.def 2024-01-20 v7.01h Hyperref driver for XeTeX

(C:\Users\kchon\AppData\Local\Programs\MiKTeX\tex/generic/stringenc\stringenc.s
ty
Package: stringenc 2019/11/29 v1.12 Convert strings between diff. encodings (HO
)
)
\pdfm@box=\box61
\c@Hy@AnnotLevel=\count288
\HyField@AnnotCount=\count289
\Fld@listcount=\count290
\c@bookmark@seq@number=\count291

(C:\Users\kchon\AppData\Local\Programs\MiKTeX\tex/latex/rerunfilecheck\rerunfil
echeck.sty
Package: rerunfilecheck 2022-07-10 v1.10 Rerun checks for auxiliary files (HO)

(C:\Users\kchon\AppData\Local\Programs\MiKTeX\tex/latex/base\atveryend-ltx.sty
Package: atveryend-ltx 2020/08/19 v1.0a Emulation of the original atveryend pac
kage
with kernel methods
)
(C:\Users\kchon\AppData\Local\Programs\MiKTeX\tex/generic/uniquecounter\uniquec
ounter.sty
Package: uniquecounter 2019/12/15 v1.4 Provide unlimited unique counter (HO)
)
Package uniquecounter Info: New unique counter `rerunfilecheck' on input line 2
85.
)
\Hy@SectionHShift=\skip72
)
(C:\Users\kchon\AppData\Local\Programs\MiKTeX\tex/latex/tools\multicol.sty
Package: multicol 2023/03/30 v1.9f multicolumn formatting (FMi)
\c@tracingmulticols=\count292
\mult@box=\box62
\multicol@leftmargin=\dimen170
\c@unbalance=\count293
\c@collectmore=\count294
\doublecol@number=\count295
\multicoltolerance=\count296
\multicolpretolerance=\count297
\full@width=\dimen171
\page@free=\dimen172
\premulticols=\dimen173
\postmulticols=\dimen174
\multicolsep=\skip73
\multicolbaselineskip=\skip74
\partial@page=\box63
\last@line=\box64
\mc@boxedresult=\box65
\maxbalancingoverflow=\dimen175
\mult@rightbox=\box66
\mult@grightbox=\box67
\mult@firstbox=\box68
\mult@gfirstbox=\box69
\@tempa=\box70
\@tempa=\box71
\@tempa=\box72
\@tempa=\box73
\@tempa=\box74
\@tempa=\box75
\@tempa=\box76
\@tempa=\box77
\@tempa=\box78
\@tempa=\box79
\@tempa=\box80
\@tempa=\box81
\@tempa=\box82
\@tempa=\box83
\@tempa=\box84
\@tempa=\box85
\@tempa=\box86
\@tempa=\box87
\@tempa=\box88
\@tempa=\box89
\@tempa=\box90
\@tempa=\box91
\@tempa=\box92
\@tempa=\box93
\@tempa=\box94
\@tempa=\box95
\@tempa=\box96
\@tempa=\box97
\@tempa=\box98
\@tempa=\box99
\@tempa=\box100
\@tempa=\box101
\@tempa=\box102
\@tempa=\box103
\@tempa=\box104
\@tempa=\box105
\c@minrows=\count298
\c@columnbadness=\count299
\c@finalcolumnbadness=\count300
\last@try=\dimen176
\multicolovershoot=\dimen177
\multicolundershoot=\dimen178
\mult@nat@firstbox=\box106
\colbreak@box=\box107
\mc@col@check@num=\count301
)
(C:\Users\kchon\AppData\Local\Programs\MiKTeX\tex/xelatex/xecjk\xeCJK.sty
(C:\Users\kchon\AppData\Local\Programs\MiKTeX\tex/latex/l3kernel\expl3.sty
Package: expl3 2024-03-14 L3 programming layer (loader) 

(C:\Users\kchon\AppData\Local\Programs\MiKTeX\tex/latex/l3backend\l3backend-xet
ex.def
File: l3backend-xetex.def 2024-03-14 L3 backend support: XeTeX
\g__graphics_track_int=\count302
\l__pdf_internal_box=\box108
\g__pdf_backend_object_int=\count303
\g__pdf_backend_annotation_int=\count304
\g__pdf_backend_link_int=\count305
))
Package: xeCJK 2022/08/05 v3.9.1 Typesetting CJK scripts with XeLaTeX

(C:\Users\kchon\AppData\Local\Programs\MiKTeX\tex/latex/ctex\ctexhook.sty
Package: ctexhook 2022/07/14 v2.5.10 Document and package hooks (CTEX)
)
(C:\Users\kchon\AppData\Local\Programs\MiKTeX\tex/latex/l3packages/xtemplate\xt
emplate.sty
(C:\Users\kchon\AppData\Local\Programs\MiKTeX\tex/latex/l3packages/xtemplate\xt
emplate-2023-10-10.sty
Package: xtemplate 2023-10-10 L3 Experimental prototype document functions
\l__xtemplate_tmp_dim=\dimen179
\l__xtemplate_tmp_int=\count306
\l__xtemplate_tmp_muskip=\muskip18
\l__xtemplate_tmp_skip=\skip75
))
\l__xeCJK_tmp_int=\count307
\l__xeCJK_tmp_box=\box109
\l__xeCJK_tmp_dim=\dimen180
\l__xeCJK_tmp_skip=\skip76
\g__xeCJK_space_factor_int=\count308
\l__xeCJK_begin_int=\count309
\l__xeCJK_end_int=\count310
\c__xeCJK_CJK_class_int=\XeTeXcharclass1
\c__xeCJK_FullLeft_class_int=\XeTeXcharclass2
\c__xeCJK_FullRight_class_int=\XeTeXcharclass3
\c__xeCJK_HalfLeft_class_int=\XeTeXcharclass4
\c__xeCJK_HalfRight_class_int=\XeTeXcharclass5
\c__xeCJK_NormalSpace_class_int=\XeTeXcharclass6
\c__xeCJK_CM_class_int=\XeTeXcharclass7
\c__xeCJK_HangulJamo_class_int=\XeTeXcharclass8
\l__xeCJK_last_skip=\skip77
\c__xeCJK_none_node=\count311
\g__xeCJK_node_int=\count312
\c__xeCJK_CJK_node_dim=\dimen181
\c__xeCJK_CJK-space_node_dim=\dimen182
\c__xeCJK_default_node_dim=\dimen183
\c__xeCJK_CJK-widow_node_dim=\dimen184
\c__xeCJK_normalspace_node_dim=\dimen185
\c__xeCJK_default-space_node_skip=\skip78
\l__xeCJK_ccglue_skip=\skip79
\l__xeCJK_ecglue_skip=\skip80
\l__xeCJK_punct_kern_skip=\skip81
\l__xeCJK_indent_box=\box110
\l__xeCJK_last_penalty_int=\count313
\l__xeCJK_last_bound_dim=\dimen186
\l__xeCJK_last_kern_dim=\dimen187
\l__xeCJK_widow_penalty_int=\count314

Package xtemplate Info: Declaring object type 'xeCJK/punctuation' taking 0
(xtemplate)             argument(s) on line 2396.

\l__xeCJK_fixed_punct_width_dim=\dimen188
\l__xeCJK_mixed_punct_width_dim=\dimen189
\l__xeCJK_middle_punct_width_dim=\dimen190
\l__xeCJK_fixed_margin_width_dim=\dimen191
\l__xeCJK_mixed_margin_width_dim=\dimen192
\l__xeCJK_middle_margin_width_dim=\dimen193
\l__xeCJK_bound_punct_width_dim=\dimen194
\l__xeCJK_bound_margin_width_dim=\dimen195
\l__xeCJK_margin_minimum_dim=\dimen196
\l__xeCJK_kerning_total_width_dim=\dimen197
\l__xeCJK_same_align_margin_dim=\dimen198
\l__xeCJK_different_align_margin_dim=\dimen199
\l__xeCJK_kerning_margin_width_dim=\dimen256
\l__xeCJK_kerning_margin_minimum_dim=\dimen257
\l__xeCJK_bound_dim=\dimen258
\l__xeCJK_reverse_bound_dim=\dimen259
\l__xeCJK_margin_dim=\dimen260
\l__xeCJK_minimum_bound_dim=\dimen261
\l__xeCJK_kerning_margin_dim=\dimen262
\g__xeCJK_family_int=\count315
\l__xeCJK_fam_int=\count316
\g__xeCJK_fam_allocation_int=\count317
\l__xeCJK_verb_case_int=\count318
\l__xeCJK_verb_exspace_skip=\skip82

(C:\Users\kchon\AppData\Local\Programs\MiKTeX\tex/latex/fontspec\fontspec.sty
(C:\Users\kchon\AppData\Local\Programs\MiKTeX\tex/latex/l3packages/xparse\xpars
e.sty
Package: xparse 2024-03-14 L3 Experimental document command parser
)
Package: fontspec 2024/02/13 v2.9a Font selection for XeLaTeX and LuaLaTeX

(C:\Users\kchon\AppData\Local\Programs\MiKTeX\tex/latex/fontspec\fontspec-xetex
.sty
Package: fontspec-xetex 2024/02/13 v2.9a Font selection for XeLaTeX and LuaLaTe
X
\l__fontspec_script_int=\count319
\l__fontspec_language_int=\count320
\l__fontspec_strnum_int=\count321
\l__fontspec_tmp_int=\count322
\l__fontspec_tmpa_int=\count323
\l__fontspec_tmpb_int=\count324
\l__fontspec_tmpc_int=\count325
\l__fontspec_em_int=\count326
\l__fontspec_emdef_int=\count327
\l__fontspec_strong_int=\count328
\l__fontspec_strongdef_int=\count329
\l__fontspec_tmpa_dim=\dimen263
\l__fontspec_tmpb_dim=\dimen264
\l__fontspec_tmpc_dim=\dimen265
 (C:\Users\kchon\AppData\Local\Programs\MiKTeX\tex/latex/base\fontenc.sty
Package: fontenc 2021/04/29 v2.0v Standard LaTeX package
)
(C:\Users\kchon\AppData\Local\Programs\MiKTeX\tex/latex/fontspec\fontspec.cfg))
) (C:\Users\kchon\AppData\Local\Programs\MiKTeX\tex/xelatex/xecjk\xeCJK.cfg
File: xeCJK.cfg 2022/08/05 v3.9.1 Configuration file for xeCJK package
))

Package fontspec Info: Font family 'NOTOSERIFTC-MEDIUM.OTF(0)' created for
(fontspec)             font 'NOTOSERIFTC-MEDIUM.OTF' with options
(fontspec)             [Script={CJK},AutoFakeBold={3},AutoFakeSlant={0.2}].
(fontspec)              
(fontspec)              This font family consists of the following NFSS
(fontspec)             series/shapes:
(fontspec)              
(fontspec)             - 'normal' (m/n) with NFSS spec.:
(fontspec)             <->"[NOTOSERIFTC-MEDIUM.OTF]/OT:script=hani;language=dfl
t;"
(fontspec)             - 'small caps'  (m/sc) with NFSS spec.: 
(fontspec)             - 'bold' (b/n) with NFSS spec.:
(fontspec)             <->"[NOTOSERIFTC-MEDIUM.OTF]/OT:script=hani;language=dfl
t;embolden=3;"
(fontspec)             - 'bold small caps'  (b/sc) with NFSS spec.: 
(fontspec)             - 'italic' (m/it) with NFSS spec.:
(fontspec)             <->"[NOTOSERIFTC-MEDIUM.OTF]/OT:script=hani;language=dfl
t;slant=0.2;"
(fontspec)             - 'italic small caps'  (m/scit) with NFSS spec.: 
(fontspec)             - 'bold italic' (b/it) with NFSS spec.:
(fontspec)             <->"[NOTOSERIFTC-MEDIUM.OTF]/OT:script=hani;language=dfl
t;embolden=3;slant=0.2;"
(fontspec)             - 'bold italic small caps'  (b/scit) with NFSS spec.: 


(C:\Users\kchon\AppData\Local\Programs\MiKTeX\tex/latex/mathtools\mathtools.sty
Package: mathtools 2024/03/11 v1.30 mathematical typesetting tools
(C:\Users\kchon\AppData\Local\Programs\MiKTeX\tex/latex/tools\calc.sty
Package: calc 2023/07/08 v4.3 Infix arithmetic (KKT,FJ)
\calc@Acount=\count330
\calc@Bcount=\count331
\calc@Adimen=\dimen266
\calc@Bdimen=\dimen267
\calc@Askip=\skip83
\calc@Bskip=\skip84
LaTeX Info: Redefining \setlength on input line 80.
LaTeX Info: Redefining \addtolength on input line 81.
\calc@Ccount=\count332
\calc@Cskip=\skip85
)
(C:\Users\kchon\AppData\Local\Programs\MiKTeX\tex/latex/mathtools\mhsetup.sty
Package: mhsetup 2021/03/18 v1.4 programming setup (MH)
)
\g_MT_multlinerow_int=\count333
\l_MT_multwidth_dim=\dimen268
\origjot=\skip86
\l_MT_shortvdotswithinadjustabove_dim=\dimen269
\l_MT_shortvdotswithinadjustbelow_dim=\dimen270
\l_MT_above_intertext_sep=\dimen271
\l_MT_below_intertext_sep=\dimen272
\l_MT_above_shortintertext_sep=\dimen273
\l_MT_below_shortintertext_sep=\dimen274
\xmathstrut@box=\box111
\xmathstrut@dim=\dimen275
) (C:\Users\kchon\AppData\Local\Programs\MiKTeX\tex/latex/framed\framed.sty
Package: framed 2011/10/22 v 0.96: framed or shaded text with page breaks
\OuterFrameSep=\skip87
\fb@frw=\dimen276
\fb@frh=\dimen277
\FrameRule=\dimen278
\FrameSep=\dimen279
)
(C:\Users\kchon\AppData\Local\Programs\MiKTeX\tex/latex/caption\caption.sty
Package: caption 2023/08/05 v3.6o Customizing captions (AR)

(C:\Users\kchon\AppData\Local\Programs\MiKTeX\tex/latex/caption\caption3.sty
Package: caption3 2023/07/31 v2.4d caption3 kernel (AR)
\caption@tempdima=\dimen280
\captionmargin=\dimen281
\caption@leftmargin=\dimen282
\caption@rightmargin=\dimen283
\caption@width=\dimen284
\caption@indent=\dimen285
\caption@parindent=\dimen286
\caption@hangindent=\dimen287
Package caption Info: Standard document class detected.
)
\c@caption@flags=\count334
\c@continuedfloat=\count335
Package caption Info: hyperref package is loaded.
)
(C:\Users\kchon\AppData\Local\Programs\MiKTeX\tex/latex/wrapfig\wrapfig.sty
\wrapoverhang=\dimen288
\WF@size=\dimen289
\c@WF@wrappedlines=\count336
\WF@box=\box112
\WF@everypar=\toks24
Package: wrapfig 2003/01/31  v 3.6
)
(C:\Users\kchon\AppData\Local\Programs\MiKTeX\tex/latex/adjustbox\adjustbox.sty
Package: adjustbox 2022/10/17 v1.3a Adjusting TeX boxes (trim, clip, ...)
(C:\Users\kchon\AppData\Local\Programs\MiKTeX\tex/latex/xkeyval\xkeyval.sty
Package: xkeyval 2022/06/16 v2.9 package option processing (HA)

(C:\Users\kchon\AppData\Local\Programs\MiKTeX\tex/generic/xkeyval\xkeyval.tex
(C:\Users\kchon\AppData\Local\Programs\MiKTeX\tex/generic/xkeyval\xkvutils.tex
\XKV@toks=\toks25
\XKV@tempa@toks=\toks26
)
\XKV@depth=\count337
File: xkeyval.tex 2014/12/03 v2.7a key=value parser (HA)
))
(C:\Users\kchon\AppData\Local\Programs\MiKTeX\tex/latex/adjustbox\adjcalc.sty
Package: adjcalc 2012/05/16 v1.1 Provides advanced setlength with multiple back
-ends (calc, etex, pgfmath)
)
(C:\Users\kchon\AppData\Local\Programs\MiKTeX\tex/latex/adjustbox\trimclip.sty
Package: trimclip 2020/08/19 v1.2 Trim and clip general TeX material

(C:\Users\kchon\AppData\Local\Programs\MiKTeX\tex/latex/collectbox\collectbox.s
ty
Package: collectbox 2022/10/17 v0.4c Collect macro arguments as boxes
\collectedbox=\box113
)
\tc@llx=\dimen290
\tc@lly=\dimen291
\tc@urx=\dimen292
\tc@ury=\dimen293
Package trimclip Info: Using driver 'tc-xetex.def'.

(C:\Users\kchon\AppData\Local\Programs\MiKTeX\tex/latex/adjustbox\tc-xetex.def
File: tc-xetex.def 2019/01/04 v2.2 Clipping driver for xetex
))
\adjbox@Width=\dimen294
\adjbox@Height=\dimen295
\adjbox@Depth=\dimen296
\adjbox@Totalheight=\dimen297
\adjbox@pwidth=\dimen298
\adjbox@pheight=\dimen299
\adjbox@pdepth=\dimen300
\adjbox@ptotalheight=\dimen301
 (C:\Users\kchon\AppData\Local\Programs\MiKTeX\tex/latex/varwidth\varwidth.sty
Package: varwidth 2009/03/30 ver 0.92;  Variable-width minipages
\@vwid@box=\box114
\sift@deathcycles=\count338
\@vwid@loff=\dimen302
\@vwid@roff=\dimen303
))
(C:\Users\kchon\AppData\Local\Programs\MiKTeX\tex/latex/caption\subcaption.sty
Package: subcaption 2023/07/28 v1.6b Sub-captions (AR)
Package caption Info: New subtype `subfigure' on input line 238.
\c@subfigure=\count339
Package caption Info: New subtype `subtable' on input line 238.
\c@subtable=\count340
) (C:\Users\kchon\AppData\Local\Programs\MiKTeX\tex/latex/listings\listings.sty
\lst@mode=\count341
\lst@gtempboxa=\box115
\lst@token=\toks27
\lst@length=\count342
\lst@currlwidth=\dimen304
\lst@column=\count343
\lst@pos=\count344
\lst@lostspace=\dimen305
\lst@width=\dimen306
\lst@newlines=\count345
\lst@lineno=\count346
\lst@maxwidth=\dimen307

(C:\Users\kchon\AppData\Local\Programs\MiKTeX\tex/latex/listings\lstpatch.sty
File: lstpatch.sty 2024/03/11 1.10a (Carsten Heinz)
)
(C:\Users\kchon\AppData\Local\Programs\MiKTeX\tex/latex/listings\lstmisc.sty
File: lstmisc.sty 2024/03/11 1.10a (Carsten Heinz)
\c@lstnumber=\count347
\lst@skipnumbers=\count348
\lst@framebox=\box116
)
(C:\Users\kchon\AppData\Local\Programs\MiKTeX\tex/latex/listings\listings.cfg
File: listings.cfg 2024/03/11 1.10a listings configuration
))
Package: listings 2024/03/11 1.10a (Carsten Heinz)

(C:\Users\kchon\AppData\Local\Programs\MiKTeX\tex/xelatex/xecjk\xeCJK-listings.
sty
Package: xeCJK-listings 2022/08/05 v3.9.1 xeCJK patch file for listings
\l__xeCJK_listings_max_char_int=\count349
\l__xeCJK_listings_flag_int=\count350
)
(C:\Users\kchon\AppData\Local\Programs\MiKTeX\tex/latex/listings\lstlang1.sty
File: lstlang1.sty 2024/03/11 1.10a listings language file
)
\symCJKmath=\mathgroup255
LaTeX Font Info:    Overwriting symbol font `CJKmath' in version `bold'
(Font)                  TU/NOTOSERIFTC-MEDIUM.OTF(0)/m/n --> TU/NOTOSERIFTC-MED
IUM.OTF(0)/b/n on input line 80.

(report.aux)
\openout1 = `report.aux'.

LaTeX Font Info:    Checking defaults for OML/cmm/m/it on input line 80.
LaTeX Font Info:    ... okay on input line 80.
LaTeX Font Info:    Checking defaults for OMS/cmsy/m/n on input line 80.
LaTeX Font Info:    ... okay on input line 80.
LaTeX Font Info:    Checking defaults for OT1/cmr/m/n on input line 80.
LaTeX Font Info:    ... okay on input line 80.
LaTeX Font Info:    Checking defaults for T1/cmr/m/n on input line 80.
LaTeX Font Info:    ... okay on input line 80.
LaTeX Font Info:    Checking defaults for TS1/cmr/m/n on input line 80.
LaTeX Font Info:    Trying to load font information for TS1+cmr on input line 8
0.

(C:\Users\kchon\AppData\Local\Programs\MiKTeX\tex/latex/base\ts1cmr.fd
File: ts1cmr.fd 2023/04/13 v2.5m Standard LaTeX font definitions
)
LaTeX Font Info:    ... okay on input line 80.
LaTeX Font Info:    Checking defaults for TU/lmr/m/n on input line 80.
LaTeX Font Info:    ... okay on input line 80.
LaTeX Font Info:    Checking defaults for OMX/cmex/m/n on input line 80.
LaTeX Font Info:    ... okay on input line 80.
LaTeX Font Info:    Checking defaults for U/cmr/m/n on input line 80.
LaTeX Font Info:    ... okay on input line 80.
LaTeX Font Info:    Checking defaults for PD1/pdf/m/n on input line 80.
LaTeX Font Info:    ... okay on input line 80.
LaTeX Font Info:    Checking defaults for PU/pdf/m/n on input line 80.
LaTeX Font Info:    ... okay on input line 80.

*geometry* driver: auto-detecting
*geometry* detected driver: xetex
*geometry* verbose mode - [ preamble ] result:
* driver: xetex
* paper: letterpaper
* layout: <same size as paper>
* layoutoffset:(h,v)=(0.0pt,0.0pt)
* modes: 
* h-part:(L,W,R)=(71.13188pt, 472.03123pt, 71.13188pt)
* v-part:(T,H,B)=(56.9055pt, 681.15898pt, 56.9055pt)
* \paperwidth=614.295pt
* \paperheight=794.96999pt
* \textwidth=472.03123pt
* \textheight=681.15898pt
* \oddsidemargin=-1.1381pt
* \evensidemargin=-1.1381pt
* \topmargin=-52.36449pt
* \headheight=12.0pt
* \headsep=25.0pt
* \topskip=10.0pt
* \footskip=30.0pt
* \marginparwidth=49.79231pt
* \marginparsep=11.0pt
* \columnsep=10.0pt
* \skip\footins=9.0pt plus 4.0pt minus 2.0pt
* \hoffset=0.0pt
* \voffset=0.0pt
* \mag=1000
* \@twocolumnfalse
* \@twosidefalse
* \@mparswitchfalse
* \@reversemarginfalse
* (1in=72.27pt=25.4mm, 1cm=28.453pt)

(C:\Users\kchon\AppData\Local\Programs\MiKTeX\tex/latex/graphics\color.sty
Package: color 2022/01/06 v1.3d Standard LaTeX Color (DPC)

(C:\Users\kchon\AppData\Local\Programs\MiKTeX\tex/latex/graphics-cfg\color.cfg
File: color.cfg 2016/01/02 v1.6 sample color configuration
)
Package color Info: Driver file: xetex.def on input line 149.
(C:\Users\kchon\AppData\Local\Programs\MiKTeX\tex/latex/graphics\mathcolor.ltx)
)
Package hyperref Info: Link coloring ON on input line 80.
 (report.out) (report.out)
\@outlinefile=\write3
\openout3 = `report.out'.


Package fontspec Info: Adjusting the maths setup (use [no-math] to avoid
(fontspec)             this).

\symlegacymaths=\mathgroup6
LaTeX Font Info:    Overwriting symbol font `legacymaths' in version `bold'
(Font)                  OT1/cmr/m/n --> OT1/cmr/bx/n on input line 80.
LaTeX Font Info:    Redeclaring math accent \acute on input line 80.
LaTeX Font Info:    Redeclaring math accent \grave on input line 80.
LaTeX Font Info:    Redeclaring math accent \ddot on input line 80.
LaTeX Font Info:    Redeclaring math accent \tilde on input line 80.
LaTeX Font Info:    Redeclaring math accent \bar on input line 80.
LaTeX Font Info:    Redeclaring math accent \breve on input line 80.
LaTeX Font Info:    Redeclaring math accent \check on input line 80.
LaTeX Font Info:    Redeclaring math accent \hat on input line 80.
LaTeX Font Info:    Redeclaring math accent \dot on input line 80.
LaTeX Font Info:    Redeclaring math accent \mathring on input line 80.
LaTeX Font Info:    Redeclaring math symbol \Gamma on input line 80.
LaTeX Font Info:    Redeclaring math symbol \Delta on input line 80.
LaTeX Font Info:    Redeclaring math symbol \Theta on input line 80.
LaTeX Font Info:    Redeclaring math symbol \Lambda on input line 80.
LaTeX Font Info:    Redeclaring math symbol \Xi on input line 80.
LaTeX Font Info:    Redeclaring math symbol \Pi on input line 80.
LaTeX Font Info:    Redeclaring math symbol \Sigma on input line 80.
LaTeX Font Info:    Redeclaring math symbol \Upsilon on input line 80.
LaTeX Font Info:    Redeclaring math symbol \Phi on input line 80.
LaTeX Font Info:    Redeclaring math symbol \Psi on input line 80.
LaTeX Font Info:    Redeclaring math symbol \Omega on input line 80.
LaTeX Font Info:    Redeclaring math symbol \mathdollar on input line 80.
LaTeX Font Info:    Redeclaring symbol font `operators' on input line 80.
LaTeX Font Info:    Encoding `OT1' has changed to `TU' for symbol font
(Font)              `operators' in the math version `normal' on input line 80.
LaTeX Font Info:    Overwriting symbol font `operators' in version `normal'
(Font)                  OT1/cmr/m/n --> TU/lmr/m/n on input line 80.
LaTeX Font Info:    Encoding `OT1' has changed to `TU' for symbol font
(Font)              `operators' in the math version `bold' on input line 80.
LaTeX Font Info:    Overwriting symbol font `operators' in version `bold'
(Font)                  OT1/cmr/bx/n --> TU/lmr/m/n on input line 80.
LaTeX Font Info:    Overwriting symbol font `operators' in version `normal'
(Font)                  TU/lmr/m/n --> TU/lmr/m/n on input line 80.
LaTeX Font Info:    Overwriting math alphabet `\mathit' in version `normal'
(Font)                  OT1/cmr/m/it --> TU/lmr/m/it on input line 80.
LaTeX Font Info:    Overwriting math alphabet `\mathbf' in version `normal'
(Font)                  OT1/cmr/bx/n --> TU/lmr/b/n on input line 80.
LaTeX Font Info:    Overwriting math alphabet `\mathsf' in version `normal'
(Font)                  OT1/cmss/m/n --> TU/lmss/m/n on input line 80.
LaTeX Font Info:    Overwriting math alphabet `\mathtt' in version `normal'
(Font)                  OT1/cmtt/m/n --> TU/lmtt/m/n on input line 80.
LaTeX Font Info:    Overwriting symbol font `operators' in version `bold'
(Font)                  TU/lmr/m/n --> TU/lmr/b/n on input line 80.
LaTeX Font Info:    Overwriting math alphabet `\mathit' in version `bold'
(Font)                  OT1/cmr/bx/it --> TU/lmr/b/it on input line 80.
LaTeX Font Info:    Overwriting math alphabet `\mathsf' in version `bold'
(Font)                  OT1/cmss/bx/n --> TU/lmss/b/n on input line 80.
LaTeX Font Info:    Overwriting math alphabet `\mathtt' in version `bold'
(Font)                  OT1/cmtt/m/n --> TU/lmtt/b/n on input line 80.
Package caption Info: Begin \AtBeginDocument code.
Package caption Info: listings package is loaded.
Package caption Info: wrapfig package is loaded.
Package caption Info: End \AtBeginDocument code.
\c@lstlisting=\count351
LaTeX Font Info:    Trying to load font information for U+msa on input line 83.


(C:\Users\kchon\AppData\Local\Programs\MiKTeX\tex/latex/amsfonts\umsa.fd
File: umsa.fd 2013/01/14 v3.01 AMS symbols A
)
LaTeX Font Info:    Trying to load font information for U+msb on input line 83.


(C:\Users\kchon\AppData\Local\Programs\MiKTeX\tex/latex/amsfonts\umsb.fd
File: umsb.fd 2013/01/14 v3.01 AMS symbols B
)

LaTeX Warning: No \author given.

[1

] (denoise.tex
File: ../project/images/outputs/denoise/test1_256_noise.png Graphic file (type 
bmp)
<../project/images/outputs/denoise/test1_256_noise.png>
File: ../project/images/outputs/denoise/test1_512_noise.png Graphic file (type 
bmp)
<../project/images/outputs/denoise/test1_512_noise.png>
File: ../project/images/outputs/denoise/test2_256_noise.png Graphic file (type 
bmp)
<../project/images/outputs/denoise/test2_256_noise.png>
File: ../project/images/outputs/denoise/test2_512_noise.png Graphic file (type 
bmp)
<../project/images/outputs/denoise/test2_512_noise.png>
File: ../project/images/outputs/denoise/test3_256_noise.png Graphic file (type 
bmp)
<../project/images/outputs/denoise/test3_256_noise.png>
File: ../project/images/outputs/denoise/test3_512_noise.png Graphic file (type 
bmp)
<../project/images/outputs/denoise/test3_512_noise.png>
File: ../project/images/outputs/denoise/test4_256_noise.png Graphic file (type 
bmp)
<../project/images/outputs/denoise/test4_256_noise.png>
File: ../project/images/outputs/denoise/test4_512_noise.png Graphic file (type 
bmp)
<../project/images/outputs/denoise/test4_512_noise.png>
File: ../project/images/outputs/denoise/test5_256_noise.png Graphic file (type 
bmp)
<../project/images/outputs/denoise/test5_256_noise.png>
File: ../project/images/outputs/denoise/test5_512_noise.png Graphic file (type 
bmp)
<../project/images/outputs/denoise/test5_512_noise.png>
File: ../project/images/outputs/denoise/test6_256_noise.png Graphic file (type 
bmp)
<../project/images/outputs/denoise/test6_256_noise.png>
File: ../project/images/outputs/denoise/test6_512_noise.png Graphic file (type 
bmp)
<../project/images/outputs/denoise/test6_512_noise.png>
File: ../project/images/outputs/denoise/test1_256_noise_denoised.png Graphic fi
le (type bmp)
<../project/images/outputs/denoise/test1_256_noise_denoised.png>
File: ../project/images/outputs/denoise/test1_512_noise_denoised.png Graphic fi
le (type bmp)
<../project/images/outputs/denoise/test1_512_noise_denoised.png>
File: ../project/images/outputs/denoise/test2_256_noise_denoised.png Graphic fi
le (type bmp)
<../project/images/outputs/denoise/test2_256_noise_denoised.png>
File: ../project/images/outputs/denoise/test2_512_noise_denoised.png Graphic fi
le (type bmp)
<../project/images/outputs/denoise/test2_512_noise_denoised.png>
File: ../project/images/outputs/denoise/test3_256_noise_denoised.png Graphic fi
le (type bmp)
<../project/images/outputs/denoise/test3_256_noise_denoised.png>
File: ../project/images/outputs/denoise/test3_512_noise_denoised.png Graphic fi
le (type bmp)
<../project/images/outputs/denoise/test3_512_noise_denoised.png>
File: ../project/images/outputs/denoise/test4_256_noise_denoised.png Graphic fi
le (type bmp)
<../project/images/outputs/denoise/test4_256_noise_denoised.png>
File: ../project/images/outputs/denoise/test4_512_noise_denoised.png Graphic fi
le (type bmp)
<../project/images/outputs/denoise/test4_512_noise_denoised.png>
File: ../project/images/outputs/denoise/test5_256_noise_denoised.png Graphic fi
le (type bmp)
<../project/images/outputs/denoise/test5_256_noise_denoised.png>
File: ../project/images/outputs/denoise/test5_512_noise_denoised.png Graphic fi
le (type bmp)
<../project/images/outputs/denoise/test5_512_noise_denoised.png>
File: ../project/images/outputs/denoise/test6_256_noise_denoised.png Graphic fi
le (type bmp)
<../project/images/outputs/denoise/test6_256_noise_denoised.png>
File: ../project/images/outputs/denoise/test6_512_noise_denoised.png Graphic fi
le (type bmp)
<../project/images/outputs/denoise/test6_512_noise_denoised.png>
File: ../project/images/outputs/denoise/test1_256_noise_denoised_fuzzy.png Grap
hic file (type bmp)
<../project/images/outputs/denoise/test1_256_noise_denoised_fuzzy.png>
File: ../project/images/outputs/denoise/test1_512_noise_denoised_fuzzy.png Grap
hic file (type bmp)
<../project/images/outputs/denoise/test1_512_noise_denoised_fuzzy.png>
File: ../project/images/outputs/denoise/test2_256_noise_denoised_fuzzy.png Grap
hic file (type bmp)
<../project/images/outputs/denoise/test2_256_noise_denoised_fuzzy.png>
File: ../project/images/outputs/denoise/test2_512_noise_denoised_fuzzy.png Grap
hic file (type bmp)
<../project/images/outputs/denoise/test2_512_noise_denoised_fuzzy.png>
File: ../project/images/outputs/denoise/test3_256_noise_denoised_fuzzy.png Grap
hic file (type bmp)
<../project/images/outputs/denoise/test3_256_noise_denoised_fuzzy.png>
File: ../project/images/outputs/denoise/test3_512_noise_denoised_fuzzy.png Grap
hic file (type bmp)
<../project/images/outputs/denoise/test3_512_noise_denoised_fuzzy.png>
File: ../project/images/outputs/denoise/test4_256_noise_denoised_fuzzy.png Grap
hic file (type bmp)
<../project/images/outputs/denoise/test4_256_noise_denoised_fuzzy.png>
File: ../project/images/outputs/denoise/test4_512_noise_denoised_fuzzy.png Grap
hic file (type bmp)
<../project/images/outputs/denoise/test4_512_noise_denoised_fuzzy.png>
File: ../project/images/outputs/denoise/test5_256_noise_denoised_fuzzy.png Grap
hic file (type bmp)
<../project/images/outputs/denoise/test5_256_noise_denoised_fuzzy.png>
File: ../project/images/outputs/denoise/test5_512_noise_denoised_fuzzy.png Grap
hic file (type bmp)
<../project/images/outputs/denoise/test5_512_noise_denoised_fuzzy.png>
File: ../project/images/outputs/denoise/test6_256_noise_denoised_fuzzy.png Grap
hic file (type bmp)
<../project/images/outputs/denoise/test6_256_noise_denoised_fuzzy.png>
File: ../project/images/outputs/denoise/test6_512_noise_denoised_fuzzy.png Grap
hic file (type bmp)
<../project/images/outputs/denoise/test6_512_noise_denoised_fuzzy.png>
) (compare_gray.tex
File: ../project/images/outputs/compare_gray/dilation.png Graphic file (type bm
p)
<../project/images/outputs/compare_gray/dilation.png>
File: ../project/images/outputs/compare_gray/erosion.png Graphic file (type bmp
)
<../project/images/outputs/compare_gray/erosion.png>
File: ../project/images/outputs/compare_gray/opening.png Graphic file (type bmp
)
<../project/images/outputs/compare_gray/opening.png>
File: ../project/images/outputs/compare_gray/closing.png Graphic file (type bmp
)
<../project/images/outputs/compare_gray/closing.png>
File: ../project/images/outputs/compare_gray/dilation_gray.png Graphic file (ty
pe bmp)
<../project/images/outputs/compare_gray/dilation_gray.png>
File: ../project/images/outputs/compare_gray/erosion_gray.png Graphic file (typ
e bmp)
<../project/images/outputs/compare_gray/erosion_gray.png>
File: ../project/images/outputs/compare_gray/opening_gray.png Graphic file (typ
e bmp)
<../project/images/outputs/compare_gray/opening_gray.png>
File: ../project/images/outputs/compare_gray/closing_gray.png Graphic file (typ
e bmp)
<../project/images/outputs/compare_gray/closing_gray.png>
File: ../project/images/outputs/compare_gray/dilation_diff.png Graphic file (ty
pe bmp)
<../project/images/outputs/compare_gray/dilation_diff.png>
File: ../project/images/outputs/compare_gray/erosion_diff.png Graphic file (typ
e bmp)
<../project/images/outputs/compare_gray/erosion_diff.png>
File: ../project/images/outputs/compare_gray/opening_diff.png Graphic file (typ
e bmp)
<../project/images/outputs/compare_gray/opening_diff.png>
File: ../project/images/outputs/compare_gray/closing_diff.png Graphic file (typ
e bmp)
<../project/images/outputs/compare_gray/closing_diff.png>
) (compare_mode.tex
File: ../project/images/outputs/compare_mode1/dilation_sum.png Graphic file (ty
pe bmp)
<../project/images/outputs/compare_mode1/dilation_sum.png>
File: ../project/images/outputs/compare_mode1/erosion_sum.png Graphic file (typ
e bmp)
<../project/images/outputs/compare_mode1/erosion_sum.png>
File: ../project/images/outputs/compare_mode1/opening_sum.png Graphic file (typ
e bmp)
<../project/images/outputs/compare_mode1/opening_sum.png>
File: ../project/images/outputs/compare_mode1/closing_sum.png Graphic file (typ
e bmp)
<../project/images/outputs/compare_mode1/closing_sum.png>
File: ../project/images/outputs/compare_mode1/dilation_prod.png Graphic file (t
ype bmp)
<../project/images/outputs/compare_mode1/dilation_prod.png>
File: ../project/images/outputs/compare_mode1/erosion_prod.png Graphic file (ty
pe bmp)
<../project/images/outputs/compare_mode1/erosion_prod.png>
File: ../project/images/outputs/compare_mode1/opening_prod.png Graphic file (ty
pe bmp)
<../project/images/outputs/compare_mode1/opening_prod.png>
File: ../project/images/outputs/compare_mode1/closing_prod.png Graphic file (ty
pe bmp)
<../project/images/outputs/compare_mode1/closing_prod.png>
File: ../project/images/outputs/compare_mode1/dilation_median.png Graphic file 
(type bmp)
<../project/images/outputs/compare_mode1/dilation_median.png>
File: ../project/images/outputs/compare_mode1/erosion_median.png Graphic file (
type bmp)
<../project/images/outputs/compare_mode1/erosion_median.png>
File: ../project/images/outputs/compare_mode1/opening_median.png Graphic file (
type bmp)
<../project/images/outputs/compare_mode1/opening_median.png>
File: ../project/images/outputs/compare_mode1/closing_median.png Graphic file (
type bmp)
<../project/images/outputs/compare_mode1/closing_median.png>
) (compare_order.tex
File: ../project/images/outputs/compare_order/dilation_Proposed.png Graphic fil
e (type bmp)
<../project/images/outputs/compare_order/dilation_Proposed.png>

Underfull \hbox (badness 4353) in paragraph at lines 5--5
[]\TU/lmr/m/n/9 (a) |dilation with Pro-
 []

File: ../project/images/outputs/compare_order/erosion_Proposed.png Graphic file
 (type bmp)
<../project/images/outputs/compare_order/erosion_Proposed.png>
File: ../project/images/outputs/compare_order/opening_Proposed.png Graphic file
 (type bmp)
<../project/images/outputs/compare_order/opening_Proposed.png>

Underfull \hbox (badness 4156) in paragraph at lines 15--15
[]\TU/lmr/m/n/9 (c) |opening with Pro-
 []

File: ../project/images/outputs/compare_order/closing_Proposed.png Graphic file
 (type bmp)
<../project/images/outputs/compare_order/closing_Proposed.png>
File: ../project/images/outputs/compare_order/dilation_HSV.png Graphic file (ty
pe bmp)
<../project/images/outputs/compare_order/dilation_HSV.png>
File: ../project/images/outputs/compare_order/erosion_HSV.png Graphic file (typ
e bmp)
<../project/images/outputs/compare_order/erosion_HSV.png>
File: ../project/images/outputs/compare_order/opening_HSV.png Graphic file (typ
e bmp)
<../project/images/outputs/compare_order/opening_HSV.png>
File: ../project/images/outputs/compare_order/closing_HSV.png Graphic file (typ
e bmp)
<../project/images/outputs/compare_order/closing_HSV.png>
File: ../project/images/outputs/compare_order/dilation_Proposed_fuzzy.png Graph
ic file (type bmp)
<../project/images/outputs/compare_order/dilation_Proposed_fuzzy.png>

Underfull \hbox (badness 6204) in paragraph at lines 45--45
[]\TU/lmr/m/n/9 (i) |dilation with Pro-
 []

File: ../project/images/outputs/compare_order/erosion_Proposed_fuzzy.png Graphi
c file (type bmp)
<../project/images/outputs/compare_order/erosion_Proposed_fuzzy.png>
File: ../project/images/outputs/compare_order/opening_Proposed_fuzzy.png Graphi
c file (type bmp)
<../project/images/outputs/compare_order/opening_Proposed_fuzzy.png>

Underfull \hbox (badness 3579) in paragraph at lines 55--55
[]\TU/lmr/m/n/9 (k) |opening with Pro-
 []

File: ../project/images/outputs/compare_order/closing_Proposed_fuzzy.png Graphi
c file (type bmp)
<../project/images/outputs/compare_order/closing_Proposed_fuzzy.png>
File: ../project/images/outputs/compare_order/dilation_HSV_fuzzy.png Graphic fi
le (type bmp)
<../project/images/outputs/compare_order/dilation_HSV_fuzzy.png>
File: ../project/images/outputs/compare_order/erosion_HSV_fuzzy.png Graphic fil
e (type bmp)
<../project/images/outputs/compare_order/erosion_HSV_fuzzy.png>

Underfull \hbox (badness 2951) in paragraph at lines 70--70
[]\TU/lmr/m/n/9 (n) |erosion with HSV,
 []

File: ../project/images/outputs/compare_order/opening_HSV_fuzzy.png Graphic fil
e (type bmp)
<../project/images/outputs/compare_order/opening_HSV_fuzzy.png>

Underfull \hbox (badness 1552) in paragraph at lines 75--75
[]\TU/lmr/m/n/9 (o) |opening with HSV,
 []

File: ../project/images/outputs/compare_order/closing_HSV_fuzzy.png Graphic fil
e (type bmp)
<../project/images/outputs/compare_order/closing_HSV_fuzzy.png>

Underfull \hbox (badness 3646) in paragraph at lines 80--80
[]\TU/lmr/m/n/9 (p) |closing with HSV,
 []

) [2] [3] [4] [5] (report.aux)
 ***********
LaTeX2e <2023-11-01> patch level 1
L3 programming layer <2022/08/05>
 ***********
Package rerunfilecheck Info: File `report.out' has not changed.
(rerunfilecheck)             Checksum: D41D8CD98F00B204E9800998ECF8427E;0.
 ) 
Here is how much of TeX's memory you used:
 20437 strings out of 409555
 427444 string characters out of 5771998
 1945148 words of memory out of 5000000
 42271 multiletter control sequences out of 15000+600000
 563728 words of font info for 69 fonts, out of 8000000 for 9000
 1348 hyphenation exceptions out of 8191
 74i,7n,81p,368b,648s stack positions out of 10000i,1000n,20000p,200000b,200000s

Output written on report.pdf (5 pages).
